TN:
SF:src\index.js
FN:5,genDiff
FN:43,default
FNF:2
FNH:2
FNDA:1,genDiff
FNDA:1,default
DA:1,1
DA:2,1
DA:3,1
DA:4,1
DA:5,1
DA:6,1
DA:7,1
DA:8,1
DA:9,1
DA:10,1
DA:11,1
DA:12,5
DA:13,1
DA:14,1
DA:15,1
DA:16,1
DA:17,1
DA:18,1
DA:19,5
DA:20,2
DA:21,2
DA:22,2
DA:23,2
DA:24,2
DA:25,2
DA:26,5
DA:27,1
DA:28,1
DA:29,1
DA:30,1
DA:31,1
DA:32,1
DA:33,1
DA:34,1
DA:35,1
DA:36,1
DA:37,1
DA:38,1
DA:39,1
DA:40,1
DA:41,1
DA:42,1
DA:43,1
DA:44,1
DA:45,1
DA:46,1
DA:47,1
DA:48,1
DA:49,1
DA:50,1
DA:51,1
DA:52,1
DA:53,1
DA:54,5
DA:55,2
DA:56,2
DA:57,5
DA:58,1
DA:59,1
DA:60,5
DA:61,1
DA:62,1
DA:63,1
DA:64,5
DA:65,1
DA:66,1
DA:67,5
DA:68,1
DA:69,1
DA:70,1
DA:71,1
DA:72,1
DA:73,1
DA:74,1
DA:75,1
DA:76,1
DA:77,1
DA:78,1
DA:79,1
DA:80,1
DA:81,1
DA:82,1
DA:83,1
LF:83
LH:83
BRDA:5,0,0,1
BRDA:11,1,0,5
BRDA:12,2,0,1
BRDA:19,3,0,4
BRDA:19,4,0,2
BRDA:26,5,0,1
BRDA:43,6,0,1
BRDA:53,7,0,5
BRDA:54,8,0,2
BRDA:57,9,0,1
BRDA:60,10,0,1
BRDA:64,11,0,1
BRF:12
BRH:12
end_of_record
